Build started 4/2/2013 10:54:03 PM.
     1>Project "F:\Dropbox\SDL Renderer 2.0\SDL Renderer 2.0\SDL Renderer 2.0.vcxproj" on node 2 (build target(s)).
     1>InitializeBuildStatus:
         Touching "Debug\SDL Renderer 2.0.unsuccessfulbuild".
       ClCompile:
         F:\VisStu 2010\VC\bin\CL.exe /c /ZI /nologo /W3 /WX- /Od /Oy- /D _UNICODE /D UNICODE /Gm /EHsc /RTC1 /MDd /GS /fp:precise /Zc:wchar_t /Zc:forScope /Fo"Debug\\" /Fd"Debug\vc100.pdb" /Gd /TP /analyze- /errorReport:prompt Block.cpp Button.cpp Font.cpp Game.cpp Generate.cpp HUD.cpp Map.cpp Menu.cpp ParticleEngine.cpp Player.cpp Sound.cpp Texture.cpp Timer.cpp Tutorial.cpp
         Tutorial.cpp
     1>f:\dropbox\sdl renderer 2.0\sdl renderer 2.0\player.h(6): fatal error C1083: Cannot open include file: 'Block.h': No such file or directory
         Timer.cpp
         Texture.cpp
         Sound.cpp
         Player.cpp
     1>f:\dropbox\sdl renderer 2.0\sdl renderer 2.0\player.h(6): fatal error C1083: Cannot open include file: 'Block.h': No such file or directory
         ParticleEngine.cpp
     1>f:\dropbox\sdl renderer 2.0\sdl renderer 2.0\player.h(6): fatal error C1083: Cannot open include file: 'Block.h': No such file or directory
         Menu.cpp
         Generate.cpp
     1>f:\dropbox\sdl renderer 2.0\sdl renderer 2.0\generate.cpp(11): error C2039: 'GetStartX' : is not a member of 'Generate'
                 f:\dropbox\sdl renderer 2.0\sdl renderer 2.0\generate.h(26) : see declaration of 'Generate'
     1>f:\dropbox\sdl renderer 2.0\sdl renderer 2.0\generate.cpp(13): error C2065: 'posX' : undeclared identifier
     1>f:\dropbox\sdl renderer 2.0\sdl renderer 2.0\generate.cpp(16): error C2039: 'GetStartY' : is not a member of 'Generate'
                 f:\dropbox\sdl renderer 2.0\sdl renderer 2.0\generate.h(26) : see declaration of 'Generate'
     1>f:\dropbox\sdl renderer 2.0\sdl renderer 2.0\generate.cpp(18): error C2065: 'posY' : undeclared identifier
         Block.cpp
     1>c1xx : fatal error C1083: Cannot open source file: 'Block.cpp': No such file or directory
         Generating Code...
         Compiling...
         Game.cpp
     1>f:\dropbox\sdl renderer 2.0\sdl renderer 2.0\player.h(6): fatal error C1083: Cannot open include file: 'Block.h': No such file or directory
         Generating Code...
         Compiling...
         Map.cpp
     1>f:\dropbox\sdl renderer 2.0\sdl renderer 2.0\map.h(10): fatal error C1083: Cannot open include file: 'Block.h': No such file or directory
         Generating Code...
         Skipping... (no relevant changes detected)
         HUD.cpp
         Font.cpp
         Button.cpp
     1>Done Building Project "F:\Dropbox\SDL Renderer 2.0\SDL Renderer 2.0\SDL Renderer 2.0.vcxproj" (build target(s)) -- FAILED.

Build FAILED.

Time Elapsed 00:00:05.05
