Build started 3/30/2013 12:46:49 AM.
     1>Project "F:\Dropbox\SDL Renderer 2.0\SDL Renderer 2.0\SDL Renderer 2.0.vcxproj" on node 2 (build target(s)).
     1>InitializeBuildStatus:
         Creating "Debug\SDL Renderer 2.0.unsuccessfulbuild" because "AlwaysCreate" was specified.
       ClCompile:
         F:\VisStu 2010\VC\bin\CL.exe /c /ZI /nologo /W3 /WX- /Od /Oy- /D _UNICODE /D UNICODE /Gm /EHsc /RTC1 /MDd /GS /fp:precise /Zc:wchar_t /Zc:forScope /Fo"Debug\\" /Fd"Debug\vc100.pdb" /Gd /TP /analyze- /errorReport:prompt Block.cpp Button.cpp Font.cpp Game.cpp Map.cpp Menu.cpp ParticleEngine.cpp Player.cpp Sound.cpp Texture.cpp Timer.cpp
         Timer.cpp
         Texture.cpp
         Sound.cpp
         Player.cpp
         ParticleEngine.cpp
         Menu.cpp
         Map.cpp
         Game.cpp
         Font.cpp
         Button.cpp
         Block.cpp
         Generating Code...
       Link:
         F:\VisStu 2010\VC\bin\link.exe /ERRORREPORT:PROMPT /OUT:"F:\Dropbox\SDL Renderer 2.0\Debug\SDL Renderer 2.0.exe" /NOLOGO sdl.lib sdlmain.lib sdl_ttf.lib sdl_mixer.lib kernel32.lib user32.lib gdi32.lib winspool.lib comdlg32.lib advapi32.lib shell32.lib ole32.lib oleaut32.lib uuid.lib odbc32.lib odbccp32.lib /MANIFEST /ManifestFile:"Debug\SDL Renderer 2.0.exe.intermediate.manifest" /MANIFESTUAC:"level='asInvoker' uiAccess='false'" /DEBUG /PDB:"F:\Dropbox\SDL Renderer 2.0\Debug\SDL Renderer 2.0.pdb" /TLBID:1 /DYNAMICBASE /NXCOMPAT /IMPLIB:"F:\Dropbox\SDL Renderer 2.0\Debug\SDL Renderer 2.0.lib" /MACHINE:X86 Debug\Block.obj
         Debug\Button.obj
         Debug\Font.obj
         Debug\Game.obj
         Debug\Map.obj
         Debug\Menu.obj
         Debug\ParticleEngine.obj
         Debug\Player.obj
         Debug\Sound.obj
         Debug\Texture.obj
         Debug\Timer.obj
         SDL Renderer 2.0.vcxproj -> F:\Dropbox\SDL Renderer 2.0\Debug\SDL Renderer 2.0.exe
       Manifest:
         c:\Program Files (x86)\Microsoft SDKs\Windows\v7.0A\bin\mt.exe /nologo /verbose /outputresource:"F:\Dropbox\SDL Renderer 2.0\Debug\SDL Renderer 2.0.exe;#1" /manifest "Debug\SDL Renderer 2.0.exe.intermediate.manifest"
       FinalizeBuildStatus:
         Deleting file "Debug\SDL Renderer 2.0.unsuccessfulbuild".
         Touching "Debug\SDL Renderer 2.0.lastbuildstate".
     1>Done Building Project "F:\Dropbox\SDL Renderer 2.0\SDL Renderer 2.0\SDL Renderer 2.0.vcxproj" (build target(s)).

Build succeeded.

Time Elapsed 00:00:10.47
