Build started 11/17/2013 9:07:23 PM.
     1>Project "C:\Users\Jed\Operation Senpai\Dropbox\SDL Renderer 2.0 FINAL\SDL Renderer 2.0\SDL Renderer 2.0.vcxproj" on node 2 (Build target(s)).
     1>InitializeBuildStatus:
         Creating "Debug\SDL Renderer 2.0.unsuccessfulbuild" because "AlwaysCreate" was specified.
       ClCompile:
         C:\Program Files (x86)\Microsoft Visual Studio 11.0\VC\bin\CL.exe /c /ZI /nologo /W3 /WX- /Od /Oy- /D _UNICODE /D UNICODE /Gm /EHsc /RTC1 /MDd /GS /fp:precise /Zc:wchar_t /Zc:forScope /Fo"Debug\\" /Fd"Debug\vc110.pdb" /Gd /TP /analyze- /errorReport:prompt Generate.cpp
         Generate.cpp
       Link:
         C:\Program Files (x86)\Microsoft Visual Studio 11.0\VC\bin\link.exe /ERRORREPORT:PROMPT /OUT:"C:\Users\Jed\Operation Senpai\Dropbox\SDL Renderer 2.0 FINAL\Debug\SDL Renderer 2.0.exe" /INCREMENTAL /NOLOGO SDL_image.lib sdl.lib sdlmain.lib sdl_ttf.lib sdl_mixer.lib kernel32.lib user32.lib gdi32.lib winspool.lib comdlg32.lib advapi32.lib shell32.lib ole32.lib oleaut32.lib uuid.lib odbc32.lib odbccp32.lib /MANIFEST /MANIFESTUAC:"level='asInvoker' uiAccess='false'" /manifest:embed /DEBUG /PDB:"C:\Users\Jed\Operation Senpai\Dropbox\SDL Renderer 2.0 FINAL\Debug\SDL Renderer 2.0.pdb" /TLBID:1 /DYNAMICBASE /NXCOMPAT /IMPLIB:"C:\Users\Jed\Operation Senpai\Dropbox\SDL Renderer 2.0 FINAL\Debug\SDL Renderer 2.0.lib" /MACHINE:X86 Debug\Builder.obj
         Debug\Button.obj
         Debug\Font.obj
         Debug\Game.obj
         Debug\Generate.obj
         Debug\HUD.obj
         Debug\Menu.obj
         Debug\ParticleEngine.obj
         Debug\Player.obj
         Debug\Sound.obj
         Debug\Texture.obj
         Debug\Timer.obj
         Debug\Tutorial.obj
         SDL Renderer 2.0.vcxproj -> C:\Users\Jed\Operation Senpai\Dropbox\SDL Renderer 2.0 FINAL\Debug\SDL Renderer 2.0.exe
       FinalizeBuildStatus:
         Deleting file "Debug\SDL Renderer 2.0.unsuccessfulbuild".
         Touching "Debug\SDL Renderer 2.0.lastbuildstate".
     1>Done Building Project "C:\Users\Jed\Operation Senpai\Dropbox\SDL Renderer 2.0 FINAL\SDL Renderer 2.0\SDL Renderer 2.0.vcxproj" (Build target(s)).

Build succeeded.

Time Elapsed 00:00:01.56
