C:\USERS\02242084\DESKTOP\SDL RENDERER 2.0\SDL RENDERER 2.0\DEBUG\BUILDER.OBJ
C:\USERS\02242084\DESKTOP\SDL RENDERER 2.0\SDL RENDERER 2.0\DEBUG\BUTTON.OBJ
C:\USERS\02242084\DESKTOP\SDL RENDERER 2.0\SDL RENDERER 2.0\DEBUG\FONT.OBJ
C:\USERS\02242084\DESKTOP\SDL RENDERER 2.0\SDL RENDERER 2.0\DEBUG\GAME.OBJ
C:\USERS\02242084\DESKTOP\SDL RENDERER 2.0\SDL RENDERER 2.0\DEBUG\GENERATE.OBJ
C:\USERS\02242084\DESKTOP\SDL RENDERER 2.0\SDL RENDERER 2.0\DEBUG\HUD.OBJ
C:\USERS\02242084\DESKTOP\SDL RENDERER 2.0\SDL RENDERER 2.0\DEBUG\MENU.OBJ
C:\USERS\02242084\DESKTOP\SDL RENDERER 2.0\SDL RENDERER 2.0\DEBUG\PARTICLEENGINE.OBJ
C:\USERS\02242084\DESKTOP\SDL RENDERER 2.0\SDL RENDERER 2.0\DEBUG\PLAYER.OBJ
C:\USERS\02242084\DESKTOP\SDL RENDERER 2.0\SDL RENDERER 2.0\DEBUG\SOUND.OBJ
C:\USERS\02242084\DESKTOP\SDL RENDERER 2.0\SDL RENDERER 2.0\DEBUG\TEXTURE.OBJ
C:\USERS\02242084\DESKTOP\SDL RENDERER 2.0\SDL RENDERER 2.0\DEBUG\TIMER.OBJ
C:\USERS\02242084\DESKTOP\SDL RENDERER 2.0\SDL RENDERER 2.0\DEBUG\TUTORIAL.OBJ
C:\USERS\02242084\DESKTOP\SDL RENDERER 2.0\SDL RENDERER 2.0\DEBUG\VC100.PDB
F:\DROPBOX\SDL RENDERER 2.0 FINAL\SDL RENDERER 2.0\DEBUG\BUILDER.OBJ
F:\DROPBOX\SDL RENDERER 2.0 FINAL\SDL RENDERER 2.0\DEBUG\BUTTON.OBJ
F:\DROPBOX\SDL RENDERER 2.0 FINAL\SDL RENDERER 2.0\DEBUG\FONT.OBJ
F:\DROPBOX\SDL RENDERER 2.0 FINAL\SDL RENDERER 2.0\DEBUG\GAME.OBJ
F:\DROPBOX\SDL RENDERER 2.0 FINAL\SDL RENDERER 2.0\DEBUG\GENERATE.OBJ
F:\DROPBOX\SDL RENDERER 2.0 FINAL\SDL RENDERER 2.0\DEBUG\HUD.OBJ
F:\DROPBOX\SDL RENDERER 2.0 FINAL\SDL RENDERER 2.0\DEBUG\MENU.OBJ
F:\DROPBOX\SDL RENDERER 2.0 FINAL\SDL RENDERER 2.0\DEBUG\PARTICLEENGINE.OBJ
F:\DROPBOX\SDL RENDERER 2.0 FINAL\SDL RENDERER 2.0\DEBUG\PLAYER.OBJ
F:\DROPBOX\SDL RENDERER 2.0 FINAL\SDL RENDERER 2.0\DEBUG\SOUND.OBJ
F:\DROPBOX\SDL RENDERER 2.0 FINAL\SDL RENDERER 2.0\DEBUG\TEXTURE.OBJ
F:\DROPBOX\SDL RENDERER 2.0 FINAL\SDL RENDERER 2.0\DEBUG\TIMER.OBJ
F:\DROPBOX\SDL RENDERER 2.0 FINAL\SDL RENDERER 2.0\DEBUG\TUTORIAL.OBJ
F:\DROPBOX\SDL RENDERER 2.0 FINAL\SDL RENDERER 2.0\DEBUG\VC100.PDB
C:\USERS\BRO\DROPBOX\SDL RENDERER 2.0 FINAL\SDL RENDERER 2.0\DEBUG\BUILDER.OBJ
C:\USERS\BRO\DROPBOX\SDL RENDERER 2.0 FINAL\SDL RENDERER 2.0\DEBUG\BUTTON.OBJ
C:\USERS\BRO\DROPBOX\SDL RENDERER 2.0 FINAL\SDL RENDERER 2.0\DEBUG\FONT.OBJ
C:\USERS\BRO\DROPBOX\SDL RENDERER 2.0 FINAL\SDL RENDERER 2.0\DEBUG\GAME.OBJ
C:\USERS\BRO\DROPBOX\SDL RENDERER 2.0 FINAL\SDL RENDERER 2.0\DEBUG\GENERATE.OBJ
C:\USERS\BRO\DROPBOX\SDL RENDERER 2.0 FINAL\SDL RENDERER 2.0\DEBUG\HUD.OBJ
C:\USERS\BRO\DROPBOX\SDL RENDERER 2.0 FINAL\SDL RENDERER 2.0\DEBUG\MENU.OBJ
C:\USERS\BRO\DROPBOX\SDL RENDERER 2.0 FINAL\SDL RENDERER 2.0\DEBUG\PARTICLEENGINE.OBJ
C:\USERS\BRO\DROPBOX\SDL RENDERER 2.0 FINAL\SDL RENDERER 2.0\DEBUG\PLAYER.OBJ
C:\USERS\BRO\DROPBOX\SDL RENDERER 2.0 FINAL\SDL RENDERER 2.0\DEBUG\SOUND.OBJ
C:\USERS\BRO\DROPBOX\SDL RENDERER 2.0 FINAL\SDL RENDERER 2.0\DEBUG\TEXTURE.OBJ
C:\USERS\BRO\DROPBOX\SDL RENDERER 2.0 FINAL\SDL RENDERER 2.0\DEBUG\TIMER.OBJ
C:\USERS\BRO\DROPBOX\SDL RENDERER 2.0 FINAL\SDL RENDERER 2.0\DEBUG\TUTORIAL.OBJ
C:\USERS\BRO\DROPBOX\SDL RENDERER 2.0 FINAL\SDL RENDERER 2.0\DEBUG\VC110.PDB
C:\USERS\02242084\DESKTOP\SDL RENDERER 2.0\DEBUG\SDL RENDERER 2.0.ILK
C:\USERS\02242084\DESKTOP\SDL RENDERER 2.0\DEBUG\SDL RENDERER 2.0.EXE
C:\USERS\02242084\DESKTOP\SDL RENDERER 2.0\SDL RENDERER 2.0\DEBUG\SDL RENDERER 2.0.EXE.INTERMEDIATE.MANIFEST
C:\USERS\02242084\DESKTOP\SDL RENDERER 2.0\DEBUG\SDL RENDERER 2.0.PDB
F:\DROPBOX\SDL RENDERER 2.0 FINAL\DEBUG\SDL RENDERER 2.0.ILK
F:\DROPBOX\SDL RENDERER 2.0 FINAL\DEBUG\SDL RENDERER 2.0.EXE
F:\DROPBOX\SDL RENDERER 2.0 FINAL\SDL RENDERER 2.0\DEBUG\SDL RENDERER 2.0.EXE.INTERMEDIATE.MANIFEST
F:\DROPBOX\SDL RENDERER 2.0 FINAL\DEBUG\SDL RENDERER 2.0.PDB
C:\Users\Bro\Dropbox\SDL Renderer 2.0 FINAL\SDL Renderer 2.0\Debug\Builder.obj
C:\Users\Bro\Dropbox\SDL Renderer 2.0 FINAL\SDL Renderer 2.0\Debug\Button.obj
C:\Users\Bro\Dropbox\SDL Renderer 2.0 FINAL\SDL Renderer 2.0\Debug\Font.obj
C:\Users\Bro\Dropbox\SDL Renderer 2.0 FINAL\SDL Renderer 2.0\Debug\Game.obj
C:\Users\Bro\Dropbox\SDL Renderer 2.0 FINAL\SDL Renderer 2.0\Debug\Generate.obj
C:\Users\Bro\Dropbox\SDL Renderer 2.0 FINAL\SDL Renderer 2.0\Debug\HUD.obj
C:\Users\Bro\Dropbox\SDL Renderer 2.0 FINAL\SDL Renderer 2.0\Debug\Menu.obj
C:\Users\Bro\Dropbox\SDL Renderer 2.0 FINAL\SDL Renderer 2.0\Debug\ParticleEngine.obj
C:\Users\Bro\Dropbox\SDL Renderer 2.0 FINAL\SDL Renderer 2.0\Debug\Player.obj
C:\Users\Bro\Dropbox\SDL Renderer 2.0 FINAL\SDL Renderer 2.0\Debug\Sound.obj
C:\Users\Bro\Dropbox\SDL Renderer 2.0 FINAL\SDL Renderer 2.0\Debug\Texture.obj
C:\Users\Bro\Dropbox\SDL Renderer 2.0 FINAL\SDL Renderer 2.0\Debug\Timer.obj
C:\Users\Bro\Dropbox\SDL Renderer 2.0 FINAL\SDL Renderer 2.0\Debug\Tutorial.obj
C:\Users\Bro\Dropbox\SDL Renderer 2.0 FINAL\SDL Renderer 2.0\Debug\cl.command.1.tlog
C:\Users\Bro\Dropbox\SDL Renderer 2.0 FINAL\SDL Renderer 2.0\Debug\CL.read.1.tlog
C:\Users\Bro\Dropbox\SDL Renderer 2.0 FINAL\SDL Renderer 2.0\Debug\CL.write.1.tlog
C:\Users\Bro\Dropbox\SDL Renderer 2.0 FINAL\SDL Renderer 2.0\Debug\link-cvtres.read.1.tlog
C:\Users\Bro\Dropbox\SDL Renderer 2.0 FINAL\SDL Renderer 2.0\Debug\link-cvtres.write.1.tlog
C:\Users\Bro\Dropbox\SDL Renderer 2.0 FINAL\SDL Renderer 2.0\Debug\link-rc.read.1.tlog
C:\Users\Bro\Dropbox\SDL Renderer 2.0 FINAL\SDL Renderer 2.0\Debug\link-rc.write.1.tlog
C:\Users\Bro\Dropbox\SDL Renderer 2.0 FINAL\SDL Renderer 2.0\Debug\link.command.1.tlog
C:\Users\Bro\Dropbox\SDL Renderer 2.0 FINAL\SDL Renderer 2.0\Debug\link.read.1.tlog
C:\Users\Bro\Dropbox\SDL Renderer 2.0 FINAL\SDL Renderer 2.0\Debug\link.write.1.tlog
C:\Users\Bro\Dropbox\SDL Renderer 2.0 FINAL\SDL Renderer 2.0\Debug\mt.command.1.tlog
C:\Users\Bro\Dropbox\SDL Renderer 2.0 FINAL\SDL Renderer 2.0\Debug\mt.read.1.tlog
C:\Users\Bro\Dropbox\SDL Renderer 2.0 FINAL\SDL Renderer 2.0\Debug\mt.write.1.tlog
C:\Users\Bro\Dropbox\SDL Renderer 2.0 FINAL\SDL Renderer 2.0\Debug\SDL Renderer 2.0.exe.intermediate.manifest
C:\Users\Bro\Dropbox\SDL Renderer 2.0 FINAL\SDL Renderer 2.0\Debug\vc100.idb
C:\Users\Bro\Dropbox\SDL Renderer 2.0 FINAL\SDL Renderer 2.0\Debug\vc110.idb
C:\Users\Bro\Dropbox\SDL Renderer 2.0 FINAL\SDL Renderer 2.0\Debug\vc100.pdb
C:\Users\Bro\Dropbox\SDL Renderer 2.0 FINAL\SDL Renderer 2.0\Debug\vc110.pdb
C:\Users\Bro\Dropbox\SDL Renderer 2.0 FINAL\Debug\SDL Renderer 2.0.pdb
